<?xml version="1.0" encoding="UTF-8"?>
<testsuite xmlns:xsi="http://www.w3.org/2001/XMLSchema-instance" xsi:noNamespaceSchemaLocation="https://maven.apache.org/surefire/maven-surefire-plugin/xsd/surefire-test-report.xsd" version="3.0.2" name="com.example.player.PlayerServiceApplicationTests" time="0.388" tests="1" errors="1" skipped="0" failures="0">
  <properties>
[...]
</properties>
  <testcase name="" classname="com.example.player.PlayerServiceApplicationTests" time="0.388">
    <error message="Unable to find a @SpringBootConfiguration by searching packages upwards from the test. You can use @ContextConfiguration, @SpringBootTest(classes=...) or other Spring Test supported mechanisms to explicitly declare the configuration classes to load. Classes annotated with @TestConfiguration are not considered." type="java.lang.IllegalStateException"><![CDATA[java.lang.IllegalStateException: Unable to find a @SpringBootConfiguration by searching packages upwards from the test. You can use @ContextConfiguration, @SpringBootTest(classes=...) or other Spring Test supported mechanisms to explicitly declare the configuration classes to load. Classes annotated with @TestConfiguration are not considered.
	at org.springframework.util.Assert.state(Assert.java:80)
	at org.springframework.boot.test.context.SpringBootTestContextBootstrapper.findConfigurationClass(SpringBootTestContextBootstrapper.java:223)
	at org.springframework.boot.test.context.SpringBootTestContextBootstrapper.getOrFindConfigurationClasses(SpringBootTestContextBootstrapper.java:210)
	at org.springframework.boot.test.context.SpringBootTestContextBootstrapper.processMergedContextConfiguration(SpringBootTestContextBootstrapper.java:141)
	at org.springframework.test.context.support.AbstractTestContextBootstrapper.buildMergedContextConfiguration(AbstractTestContextBootstrapper.java:366)
	at org.springframework.test.context.support.AbstractTestContextBootstrapper.buildDefaultMergedContextConfiguration(AbstractTestContextBootstrapper.java:269)
	at org.springframework.test.context.support.AbstractTestContextBootstrapper.buildMergedContextConfiguration(AbstractTestContextBootstrapper.java:216)
	at org.springframework.test.context.support.AbstractTestContextBootstrapper.buildTestContext(AbstractTestContextBootstrapper.java:107)
	at org.springframework.boot.test.context.SpringBootTestContextBootstrapper.buildTestContext(SpringBootTestContextBootstrapper.java:102)
	at org.springframework.test.context.TestContextManager.<init>(TestContextManager.java:142)
	at org.springframework.test.context.TestContextManager.<init>(TestContextManager.java:126)
	at java.base/java.util.concurrent.ConcurrentHashMap.compute(ConcurrentHashMap.java:1932)
	at org.springframework.test.context.junit.jupiter.SpringExtension.getTestContextManager(SpringExtension.java:429)
	at org.springframework.test.context.junit.jupiter.SpringExtension.beforeAll(SpringExtension.java:172)
	at java.base/java.util.ArrayList.forEach(ArrayList.java:1604)
	Suppressed: java.lang.IllegalStateException: Unable to find a @SpringBootConfiguration by searching packages upwards from the test. You can use @ContextConfiguration, @SpringBootTest(classes=...) or other Spring Test supported mechanisms to explicitly declare the configuration classes to load. Classes annotated with @TestConfiguration are not considered.
		at org.springframework.util.Assert.state(Assert.java:80)
		at org.springframework.boot.test.context.SpringBootTestContextBootstrapper.findConfigurationClass(SpringBootTestContextBootstrapper.java:223)
		at org.springframework.boot.test.context.SpringBootTestContextBootstrapper.getOrFindConfigurationClasses(SpringBootTestContextBootstrapper.java:210)
		at org.springframework.boot.test.context.SpringBootTestContextBootstrapper.processMergedContextConfiguration(SpringBootTestContextBootstrapper.java:141)
		at org.springframework.test.context.support.AbstractTestContextBootstrapper.buildMergedContextConfiguration(AbstractTestContextBootstrapper.java:366)
		at org.springframework.test.context.support.AbstractTestContextBootstrapper.buildDefaultMergedContextConfiguration(AbstractTestContextBootstrapper.java:269)
		at org.springframework.test.context.support.AbstractTestContextBootstrapper.buildMergedContextConfiguration(AbstractTestContextBootstrapper.java:216)
		at org.springframework.test.context.support.AbstractTestContextBootstrapper.buildTestContext(AbstractTestContextBootstrapper.java:107)
		at org.springframework.boot.test.context.SpringBootTestContextBootstrapper.buildTestContext(SpringBootTestContextBootstrapper.java:102)
		at org.springframework.test.context.TestContextManager.<init>(TestContextManager.java:142)
		at org.springframework.test.context.TestContextManager.<init>(TestContextManager.java:126)
		at java.base/java.util.concurrent.ConcurrentHashMap.compute(ConcurrentHashMap.java:1932)
		at org.springframework.test.context.junit.jupiter.SpringExtension.getTestContextManager(SpringExtension.java:429)
		at org.springframework.test.context.junit.jupiter.SpringExtension.afterAll(SpringExtension.java:183)
		... 1 more
]]></error>
    <system-out><![CDATA[15:06:38.482 [main] INFO org.springframework.test.context.support.AnnotationConfigContextLoaderUtils -- Could not detect default configuration classes for test class [com.example.player.PlayerServiceApplicationTests]: PlayerServiceApplicationTests does not declare any static, non-private, non-final, nested classes annotated with @Configuration.
15:06:38.655 [main] INFO org.springframework.test.context.support.AnnotationConfigContextLoaderUtils -- Could not detect default configuration classes for test class [com.example.player.PlayerServiceApplicationTests]: PlayerServiceApplicationTests does not declare any static, non-private, non-final, nested classes annotated with @Configuration.
]]></system-out>
  </testcase>
</testsuite>